-------------------------------------------------------------------------------
Test set: com.mulesoft.training.HelloMavenTest
-------------------------------------------------------------------------------
Tests run: 1, Failures: 0, Errors: 1, Skipped: 0, Time elapsed: 3.076 sec <<< FAILURE! - in com.mulesoft.training.HelloMavenTest
mavenFlowReturnsHelloMaven(com.mulesoft.training.HelloMavenTest)  Time elapsed: 2.105 sec  <<< ERROR!
org.mule.api.config.ConfigurationException: Line 45 in XML document from URL [file:/C:/Users/mvda/AnypointStudio/workspace/maven-project/target/test-classes/maven-project.xml] is invalid; nested exception is org.xml.sax.SAXParseException; lineNumber: 45; columnNumber: 12; cvc-complex-type.2.4.b: The content of element 'flow' is not complete. One of '{"http://www.mulesoft.org/schema/mule/core":abstract-message-processor, "http://www.mulesoft.org/schema/mule/core":abstract-outbound-endpoint, "http://www.mulesoft.org/schema/mule/core":abstract-mixed-content-message-processor, "http://www.mulesoft.org/schema/mule/core":response}' is expected. (org.mule.api.lifecycle.InitialisationException)
Caused by: org.mule.api.lifecycle.InitialisationException: Line 45 in XML document from URL [file:/C:/Users/mvda/AnypointStudio/workspace/maven-project/target/test-classes/maven-project.xml] is invalid; nested exception is org.xml.sax.SAXParseException; lineNumber: 45; columnNumber: 12; cvc-complex-type.2.4.b: The content of element 'flow' is not complete. One of '{"http://www.mulesoft.org/schema/mule/core":abstract-message-processor, "http://www.mulesoft.org/schema/mule/core":abstract-outbound-endpoint, "http://www.mulesoft.org/schema/mule/core":abstract-mixed-content-message-processor, "http://www.mulesoft.org/schema/mule/core":response}' is expected.
Caused by: org.springframework.beans.factory.xml.XmlBeanDefinitionStoreException: Line 45 in XML document from URL [file:/C:/Users/mvda/AnypointStudio/workspace/maven-project/target/test-classes/maven-project.xml] is invalid; nested exception is org.xml.sax.SAXParseException; lineNumber: 45; columnNumber: 12; cvc-complex-type.2.4.b: The content of element 'flow' is not complete. One of '{"http://www.mulesoft.org/schema/mule/core":abstract-message-processor, "http://www.mulesoft.org/schema/mule/core":abstract-outbound-endpoint, "http://www.mulesoft.org/schema/mule/core":abstract-mixed-content-message-processor, "http://www.mulesoft.org/schema/mule/core":response}' is expected.
Caused by: org.xml.sax.SAXParseException: cvc-complex-type.2.4.b: The content of element 'flow' is not complete. One of '{"http://www.mulesoft.org/schema/mule/core":abstract-message-processor, "http://www.mulesoft.org/schema/mule/core":abstract-outbound-endpoint, "http://www.mulesoft.org/schema/mule/core":abstract-mixed-content-message-processor, "http://www.mulesoft.org/schema/mule/core":response}' is expected.

