<?xml version="1.0" encoding="UTF-8"?>
<testsuite xmlns:xsi="http://www.w3.org/2001/XMLSchema-instance" xsi:schemaLocation="https://maven.apache.org/surefire/maven-surefire-plugin/xsd/surefire-test-report.xsd" name="com.mulesoft.training.HelloMavenTest" time="3.076" tests="1" errors="1" skipped="0" failures="0">
  <properties>
[...]
</properties>
  <testcase name="mavenFlowReturnsHelloMaven" classname="com.mulesoft.training.HelloMavenTest" time="2.105">
    <error message="Line 45 in XML document from URL [file:/C:/Users/mvda/AnypointStudio/workspace/maven-project/target/test-classes/maven-project.xml] is invalid; nested exception is org.xml.sax.SAXParseException; lineNumber: 45; columnNumber: 12; cvc-complex-type.2.4.b: The content of element &apos;flow&apos; is not complete. One of &apos;{&quot;http://www.mulesoft.org/schema/mule/core&quot;:abstract-message-processor, &quot;http://www.mulesoft.org/schema/mule/core&quot;:abstract-outbound-endpoint, &quot;http://www.mulesoft.org/schema/mule/core&quot;:abstract-mixed-content-message-processor, &quot;http://www.mulesoft.org/schema/mule/core&quot;:response}&apos; is expected. (org.mule.api.lifecycle.InitialisationException)" type="org.mule.api.config.ConfigurationException">org.mule.api.config.ConfigurationException: Line 45 in XML document from URL [file:/C:/Users/mvda/AnypointStudio/workspace/maven-project/target/test-classes/maven-project.xml] is invalid; nested exception is org.xml.sax.SAXParseException; lineNumber: 45; columnNumber: 12; cvc-complex-type.2.4.b: The content of element 'flow' is not complete. One of '{"http://www.mulesoft.org/schema/mule/core":abstract-message-processor, "http://www.mulesoft.org/schema/mule/core":abstract-outbound-endpoint, "http://www.mulesoft.org/schema/mule/core":abstract-mixed-content-message-processor, "http://www.mulesoft.org/schema/mule/core":response}' is expected. (org.mule.api.lifecycle.InitialisationException)
Caused by: org.mule.api.lifecycle.InitialisationException: Line 45 in XML document from URL [file:/C:/Users/mvda/AnypointStudio/workspace/maven-project/target/test-classes/maven-project.xml] is invalid; nested exception is org.xml.sax.SAXParseException; lineNumber: 45; columnNumber: 12; cvc-complex-type.2.4.b: The content of element 'flow' is not complete. One of '{"http://www.mulesoft.org/schema/mule/core":abstract-message-processor, "http://www.mulesoft.org/schema/mule/core":abstract-outbound-endpoint, "http://www.mulesoft.org/schema/mule/core":abstract-mixed-content-message-processor, "http://www.mulesoft.org/schema/mule/core":response}' is expected.
Caused by: org.springframework.beans.factory.xml.XmlBeanDefinitionStoreException: Line 45 in XML document from URL [file:/C:/Users/mvda/AnypointStudio/workspace/maven-project/target/test-classes/maven-project.xml] is invalid; nested exception is org.xml.sax.SAXParseException; lineNumber: 45; columnNumber: 12; cvc-complex-type.2.4.b: The content of element 'flow' is not complete. One of '{"http://www.mulesoft.org/schema/mule/core":abstract-message-processor, "http://www.mulesoft.org/schema/mule/core":abstract-outbound-endpoint, "http://www.mulesoft.org/schema/mule/core":abstract-mixed-content-message-processor, "http://www.mulesoft.org/schema/mule/core":response}' is expected.
Caused by: org.xml.sax.SAXParseException: cvc-complex-type.2.4.b: The content of element 'flow' is not complete. One of '{"http://www.mulesoft.org/schema/mule/core":abstract-message-processor, "http://www.mulesoft.org/schema/mule/core":abstract-outbound-endpoint, "http://www.mulesoft.org/schema/mule/core":abstract-mixed-content-message-processor, "http://www.mulesoft.org/schema/mule/core":response}' is expected.
</error>
    <system-out><![CDATA[
================================================================================
= Testing: mavenFlowReturnsHelloMaven                                          =
================================================================================
INFO  2016-07-27 09:45:18,173 [Thread-1] com.mulesoft.training.HelloMavenTest: Using working directory for test: C:\Users\mvda\AppData\Local\Temp\junit7647114814633161061
INFO  2016-07-27 09:45:18,366 [Thread-1] org.mule.lifecycle.AbstractLifecycleManager: Initialising RegistryBroker
INFO  2016-07-27 09:45:18,620 [Thread-1] org.mule.config.spring.MuleArtifactContext: Refreshing org.mule.config.spring.MuleArtifactContext@6c9446e6: startup date [Wed Jul 27 09:45:18 CEST 2016]; root of context hierarchy
INFO  2016-07-27 09:45:19,831 [Thread-1] org.mule.lifecycle.AbstractLifecycleManager: Disposing RegistryBroker
]]></system-out>
    <system-err><![CDATA[SLF4J: Class path contains multiple SLF4J bindings.
SLF4J: Found binding in [jar:file:/C:/Users/mvda/.m2/repository/org/apache/logging/log4j/log4j-slf4j-impl/2.5/log4j-slf4j-impl-2.5.jar!/org/slf4j/impl/StaticLoggerBinder.class]
SLF4J: Found binding in [jar:file:/C:/Users/mvda/.m2/repository/org/apache/activemq/activemq-all/5.13.4/activemq-all-5.13.4.jar!/org/slf4j/impl/StaticLoggerBinder.class]
SLF4J: See http://www.slf4j.org/codes.html#multiple_bindings for an explanation.
SLF4J: Actual binding is of type [org.apache.logging.slf4j.Log4jLoggerFactory]
]]></system-err>
  </testcase>
</testsuite>